[01-15 20:11:05,163, 750] org.hibernate.Version HHH000412: Hibernate Core {5.0.2.Final}
[01-15 20:11:05,166, 753] org.hibernate.cfg.Environment HHH000206: hibernate.properties not found
[01-15 20:11:05,167, 754] org.hibernate.cfg.Environment HHH000021: Bytecode provider name : javassist
[01-15 20:11:05,224, 811] org.hibernate.annotations.common.Version HCANN000001: Hibernate Commons Annotations {5.0.0.Final}
[01-15 20:11:05,315, 902] org.hibernate.engine.jdbc.connections.internal.DriverManagerConnectionProviderImpl HHH000402: Using Hibernate built-in connection pool (not for production use!)
[01-15 20:11:05,321, 908] org.hibernate.engine.jdbc.connections.internal.DriverManagerConnectionProviderImpl HHH000401: using driver [com.mysql.jdbc.Driver] at URL [jdbc:mysql://localhost:3306/epicmmodb]
[01-15 20:11:05,321, 908] org.hibernate.engine.jdbc.connections.internal.DriverManagerConnectionProviderImpl HHH000046: Connection properties: {user=root, password=****}
[01-15 20:11:05,324, 911] org.hibernate.engine.jdbc.connections.internal.DriverManagerConnectionProviderImpl HHH000006: Autocommit mode: false
[01-15 20:11:05,325, 912] org.hibernate.engine.jdbc.connections.internal.DriverManagerConnectionProviderImpl HHH000115: Hibernate connection pool size: 20 (min=1)
[01-15 20:11:05,605, 1192] org.hibernate.dialect.Dialect HHH000400: Using dialect: org.hibernate.dialect.MySQLDialect
[01-15 20:11:06,361, 1948] org.hibernate.tool.hbm2ddl.SchemaUpdate HHH000228: Running hbm2ddl schema update
[01-15 20:11:06,436, 2023] org.hibernate.hql.internal.QueryTranslatorFactoryInitiator HHH000397: Using ASTQueryTranslatorFactory
[01-15 20:11:06,530, 2117] mechanics.GameMechanics GameMechanics-server was started
[01-15 20:11:06,531, 2118] accountService.AccountService Account-server was started
[01-15 20:11:06,632, 2219] frontend.Frontend Frontend-server was started
[01-15 20:11:06,633, 2220] frontend.Frontend Starting at port: 8080
[01-15 20:11:10,628, 6215] frontend.Frontend Сессия разорвана 20qv61cvnfc11s419friq385y
[01-15 20:11:16,761, 12348] frontend.Frontend Попытка авторизоваться: admin, session 20qv61cvnfc11s419friq385y
[01-15 20:11:16,954, 12541] frontend.Frontend Пользователь авторизовался: admin, 20qv61cvnfc11s419friq385y
[01-15 20:11:17,658, 13245] mechanics.GameMechanics admin добавлен в очередь
[01-15 20:11:20,273, 15860] frontend.Frontend Сессия разорвана cxmhjef2agpl44k45nqxf3is
[01-15 20:11:20,856, 16443] frontend.Frontend Попытка авторизоваться: LordNeznay, session cxmhjef2agpl44k45nqxf3is
[01-15 20:11:20,976, 16563] frontend.Frontend Пользователь авторизовался: LordNeznay, cxmhjef2agpl44k45nqxf3is
[01-15 20:11:21,581, 17168] mechanics.GameMechanics LordNeznay добавлен в очередь
[01-15 20:11:21,631, 17218] mechanics.gameMap.GameMap GameMap was created
[01-15 20:11:21,633, 17220] mechanics.GameMechanics admin добавлен на карту
[01-15 20:11:21,633, 17220] mechanics.GameMechanics LordNeznay добавлен на карту
[01-15 20:15:15,226, 250813] mechanics.GameMechanics LordNeznay удален из карты
[01-15 20:15:15,410, 250997] mechanics.gameMap.GameMap GameMap was deleted
