[01-15 20:01:32,750, 999] org.hibernate.Version HHH000412: Hibernate Core {5.0.2.Final}
[01-15 20:01:32,754, 1003] org.hibernate.cfg.Environment HHH000206: hibernate.properties not found
[01-15 20:01:32,756, 1005] org.hibernate.cfg.Environment HHH000021: Bytecode provider name : javassist
[01-15 20:01:32,836, 1085] org.hibernate.annotations.common.Version HCANN000001: Hibernate Commons Annotations {5.0.0.Final}
[01-15 20:01:32,976, 1225] org.hibernate.engine.jdbc.connections.internal.DriverManagerConnectionProviderImpl HHH000402: Using Hibernate built-in connection pool (not for production use!)
[01-15 20:01:32,984, 1233] org.hibernate.engine.jdbc.connections.internal.DriverManagerConnectionProviderImpl HHH000401: using driver [com.mysql.jdbc.Driver] at URL [jdbc:mysql://localhost:3306/epicmmodb]
[01-15 20:01:32,984, 1233] org.hibernate.engine.jdbc.connections.internal.DriverManagerConnectionProviderImpl HHH000046: Connection properties: {user=root, password=****}
[01-15 20:01:32,985, 1234] org.hibernate.engine.jdbc.connections.internal.DriverManagerConnectionProviderImpl HHH000006: Autocommit mode: false
[01-15 20:01:32,987, 1236] org.hibernate.engine.jdbc.connections.internal.DriverManagerConnectionProviderImpl HHH000115: Hibernate connection pool size: 20 (min=1)
[01-15 20:01:33,341, 1590] org.hibernate.dialect.Dialect HHH000400: Using dialect: org.hibernate.dialect.MySQLDialect
[01-15 20:01:34,330, 2579] org.hibernate.tool.hbm2ddl.SchemaUpdate HHH000228: Running hbm2ddl schema update
[01-15 20:01:34,473, 2722] org.hibernate.hql.internal.QueryTranslatorFactoryInitiator HHH000397: Using ASTQueryTranslatorFactory
[01-15 20:01:34,569, 2818] mechanics.GameMechanics GameMechanics-server was started
[01-15 20:01:34,570, 2819] accountService.AccountService Account-server was started
[01-15 20:01:34,665, 2914] frontend.Frontend Frontend-server was started
[01-15 20:01:34,665, 2914] frontend.Frontend Starting at port: 8080
[01-15 20:01:40,565, 8814] frontend.Frontend Попытка авторизоваться: admin, session 1entupaau81h1por4c93df8ue
[01-15 20:01:40,691, 8940] frontend.Frontend Пользователь авторизовался: admin, 1entupaau81h1por4c93df8ue
[01-15 20:02:08,288, 36537] frontend.Frontend Попытка авторизоваться: LordNeznay, session 40mcubza31af1fbnoksul3rki
[01-15 20:02:08,416, 36665] frontend.Frontend Пользователь авторизовался: LordNeznay, 40mcubza31af1fbnoksul3rki
[01-15 20:02:09,445, 37694] mechanics.gameMap.GameMap GameMap was created
[01-15 20:02:28,804, 57053] mechanics.gameMap.GameMap GameMap was deleted
